<?xml version="1.0" encoding="UTF-8"?>
<testng-results ignored="0" total="4" passed="3" failed="1" skipped="0">
  <reporter-output>
  </reporter-output>
  <suite started-at="2024-04-19T18:44:12 IST" name="Default suite" finished-at="2024-04-19T18:45:22 IST" duration-ms="69720">
    <groups>
    </groups>
    <test started-at="2024-04-19T18:44:12 IST" name="Default test" finished-at="2024-04-19T18:45:22 IST" duration-ms="69720">
      <class name="testCases.LoginPageTest">
        <test-method is-config="true" signature="setup()[pri:0, instance:testCases.LoginPageTest@209da20d]" started-at="2024-04-19T18:44:13 IST" name="setup" finished-at="2024-04-19T18:44:38 IST" duration-ms="25691" status="PASS">
          <reporter-output>
          </reporter-output>
        </test-method> <!-- setup -->
        <test-method signature="MultipleloginToApplicationTest(java.lang.String,java.lang.String)[pri:0, instance:testCases.LoginPageTest@209da20d]" started-at="2024-04-19T18:44:38 IST" name="MultipleloginToApplicationTest" data-provider="LoginCredentials" finished-at="2024-04-19T18:44:39 IST" duration-ms="861" status="FAIL">
          <params>
            <param index="0">
              <value>
                <![CDATA[test]]>
              </value>
            </param>
            <param index="1">
              <value>
                <![CDATA[test]]>
              </value>
            </param>
          </params>
          <exception class="java.lang.AssertionError">
            <message>
              <![CDATA[The following asserts failed:
expected [https://www.saucedemo.com/inventory.html] but found [https://www.saucedemo.com/]]]>
            </message>
            <full-stacktrace>
              <![CDATA[java.lang.AssertionError: The following asserts failed:
expected [https://www.saucedemo.com/inventory.html] but found [https://www.saucedemo.com/]
at org.testng.asserts.SoftAssert.assertAll(SoftAssert.java:46)
at org.testng.asserts.SoftAssert.assertAll(SoftAssert.java:30)
at testCases.LoginPageTest.MultipleloginToApplicationTest(LoginPageTest.java:63)
at java.base/jdk.internal.reflect.NativeMethodAccessorImpl.invoke0(Native Method)
at java.base/jdk.internal.reflect.NativeMethodAccessorImpl.invoke(NativeMethodAccessorImpl.java:77)
at java.base/jdk.internal.reflect.DelegatingMethodAccessorImpl.invoke(DelegatingMethodAccessorImpl.java:43)
at java.base/java.lang.reflect.Method.invoke(Method.java:568)
at org.testng.internal.invokers.MethodInvocationHelper.invokeMethod(MethodInvocationHelper.java:139)
at org.testng.internal.invokers.TestInvoker.invokeMethod(TestInvoker.java:677)
at org.testng.internal.invokers.TestInvoker.invokeTestMethod(TestInvoker.java:221)
at org.testng.internal.invokers.MethodRunner.runInSequence(MethodRunner.java:50)
at org.testng.internal.invokers.TestInvoker$MethodInvocationAgent.invoke(TestInvoker.java:969)
at org.testng.internal.invokers.TestInvoker.invokeTestMethods(TestInvoker.java:194)
at org.testng.internal.invokers.TestMethodWorker.invokeTestMethods(TestMethodWorker.java:148)
at org.testng.internal.invokers.TestMethodWorker.run(TestMethodWorker.java:128)
at java.base/java.util.ArrayList.forEach(ArrayList.java:1511)
at org.testng.TestRunner.privateRun(TestRunner.java:829)
at org.testng.TestRunner.run(TestRunner.java:602)
at org.testng.SuiteRunner.runTest(SuiteRunner.java:437)
at org.testng.SuiteRunner.runSequentially(SuiteRunner.java:431)
at org.testng.SuiteRunner.privateRun(SuiteRunner.java:391)
at org.testng.SuiteRunner.run(SuiteRunner.java:330)
at org.testng.SuiteRunnerWorker.runSuite(SuiteRunnerWorker.java:52)
at org.testng.SuiteRunnerWorker.run(SuiteRunnerWorker.java:95)
at org.testng.TestNG.runSuitesSequentially(TestNG.java:1256)
at org.testng.TestNG.runSuitesLocally(TestNG.java:1176)
at org.testng.TestNG.runSuites(TestNG.java:1099)
at org.testng.TestNG.run(TestNG.java:1067)
at org.testng.remote.AbstractRemoteTestNG.run(AbstractRemoteTestNG.java:115)
at org.testng.remote.RemoteTestNG.initAndRun(RemoteTestNG.java:251)
at org.testng.remote.RemoteTestNG.main(RemoteTestNG.java:77)
]]>
            </full-stacktrace>
          </exception> <!-- java.lang.AssertionError -->
          <reporter-output>
          </reporter-output>
        </test-method> <!-- MultipleloginToApplicationTest -->
        <test-method is-config="true" signature="CloseApplicationBrowser(org.testng.ITestResult)[pri:0, instance:testCases.LoginPageTest@209da20d]" started-at="2024-04-19T18:44:39 IST" name="CloseApplicationBrowser" finished-at="2024-04-19T18:44:40 IST" duration-ms="921" status="PASS">
          <params>
            <param index="0">
              <value>
                <![CDATA[[TestResult name=MultipleloginToApplicationTest status=FAILURE method=LoginPageTest.MultipleloginToApplicationTest(java.lang.String,java.lang.String)[pri:0, instance:testCases.LoginPageTest@209da20d] output={null}]]]>
              </value>
            </param>
          </params>
          <reporter-output>
          </reporter-output>
        </test-method> <!-- CloseApplicationBrowser -->
        <test-method is-config="true" signature="setup()[pri:0, instance:testCases.LoginPageTest@209da20d]" started-at="2024-04-19T18:44:40 IST" name="setup" finished-at="2024-04-19T18:44:50 IST" duration-ms="10169" status="PASS">
          <reporter-output>
          </reporter-output>
        </test-method> <!-- setup -->
        <test-method signature="VerifyTitleOfApplicationTest()[pri:0, instance:testCases.LoginPageTest@209da20d]" started-at="2024-04-19T18:44:50 IST" name="VerifyTitleOfApplicationTest" finished-at="2024-04-19T18:44:55 IST" duration-ms="4899" status="PASS">
          <reporter-output>
          </reporter-output>
        </test-method> <!-- VerifyTitleOfApplicationTest -->
        <test-method is-config="true" signature="CloseApplicationBrowser(org.testng.ITestResult)[pri:0, instance:testCases.LoginPageTest@209da20d]" started-at="2024-04-19T18:44:55 IST" name="CloseApplicationBrowser" finished-at="2024-04-19T18:44:56 IST" duration-ms="675" status="PASS">
          <params>
            <param index="0">
              <value>
                <![CDATA[[TestResult name=VerifyTitleOfApplicationTest status=SUCCESS method=LoginPageTest.VerifyTitleOfApplicationTest()[pri:0, instance:testCases.LoginPageTest@209da20d] output={null}]]]>
              </value>
            </param>
          </params>
          <reporter-output>
          </reporter-output>
        </test-method> <!-- CloseApplicationBrowser -->
        <test-method is-config="true" signature="setup()[pri:0, instance:testCases.LoginPageTest@209da20d]" started-at="2024-04-19T18:44:56 IST" name="setup" finished-at="2024-04-19T18:45:06 IST" duration-ms="10697" status="PASS">
          <reporter-output>
          </reporter-output>
        </test-method> <!-- setup -->
        <test-method signature="VerifyURLOfApplicationTest()[pri:0, instance:testCases.LoginPageTest@209da20d]" started-at="2024-04-19T18:45:06 IST" name="VerifyURLOfApplicationTest" finished-at="2024-04-19T18:45:06 IST" duration-ms="33" status="PASS">
          <reporter-output>
          </reporter-output>
        </test-method> <!-- VerifyURLOfApplicationTest -->
        <test-method is-config="true" signature="CloseApplicationBrowser(org.testng.ITestResult)[pri:0, instance:testCases.LoginPageTest@209da20d]" started-at="2024-04-19T18:45:06 IST" name="CloseApplicationBrowser" finished-at="2024-04-19T18:45:07 IST" duration-ms="494" status="PASS">
          <params>
            <param index="0">
              <value>
                <![CDATA[[TestResult name=VerifyURLOfApplicationTest status=SUCCESS method=LoginPageTest.VerifyURLOfApplicationTest()[pri:0, instance:testCases.LoginPageTest@209da20d] output={null}]]]>
              </value>
            </param>
          </params>
          <reporter-output>
          </reporter-output>
        </test-method> <!-- CloseApplicationBrowser -->
        <test-method is-config="true" signature="setup()[pri:0, instance:testCases.LoginPageTest@209da20d]" started-at="2024-04-19T18:45:07 IST" name="setup" finished-at="2024-04-19T18:45:17 IST" duration-ms="9875" status="PASS">
          <reporter-output>
          </reporter-output>
        </test-method> <!-- setup -->
        <test-method signature="loginToApplicationTest()[pri:0, instance:testCases.LoginPageTest@209da20d]" started-at="2024-04-19T18:45:17 IST" name="loginToApplicationTest" finished-at="2024-04-19T18:45:17 IST" duration-ms="385" status="PASS">
          <reporter-output>
          </reporter-output>
        </test-method> <!-- loginToApplicationTest -->
        <test-method is-config="true" signature="CloseApplicationBrowser(org.testng.ITestResult)[pri:0, instance:testCases.LoginPageTest@209da20d]" started-at="2024-04-19T18:45:17 IST" name="CloseApplicationBrowser" finished-at="2024-04-19T18:45:22 IST" duration-ms="4978" status="PASS">
          <params>
            <param index="0">
              <value>
                <![CDATA[[TestResult name=loginToApplicationTest status=SUCCESS method=LoginPageTest.loginToApplicationTest()[pri:0, instance:testCases.LoginPageTest@209da20d] output={null}]]]>
              </value>
            </param>
          </params>
          <reporter-output>
          </reporter-output>
        </test-method> <!-- CloseApplicationBrowser -->
      </class> <!-- testCases.LoginPageTest -->
    </test> <!-- Default test -->
  </suite> <!-- Default suite -->
</testng-results>
